<?xml version="1.0" encoding="UTF-8"?>
<!-- Generated by org.testng.reporters.JUnitXMLReporter -->
<testsuite ignored="0" hostname="DESKTOP-8B3DF1Q" failures="0" tests="4" name="Default test" time="11.204" errors="0" timestamp="2026-09-10T09:25:27 IST">
  <testcase classname="com.api.tests.UserTestCases2" name="createUserTest" time="5.14"/>
  <testcase classname="com.api.tests.UserTestCases2" name="retriveUserTest" time="1.405"/>
  <testcase classname="com.api.tests.UserTestCases2" name="updateByUsername" time="2.729"/>
  <testcase classname="com.api.tests.UserTestCases2" name="deleteUserTest" time="1.354"/>
</testsuite> <!-- Default test -->
