<?xml version="1.0" encoding="UTF-8"?>
<!-- Generated by org.testng.reporters.JUnitXMLReporter -->
<testsuite ignored="0" hostname="DESKTOP-8B3DF1Q" failures="0" tests="10" name="Test" time="22.849" errors="0" timestamp="2026-09-10T09:28:09 IST">
  <testcase classname="com.api.tests.UserTestCases2" name="createUserTest" time="5.456"/>
  <testcase classname="com.api.tests.UserTestCases2" name="retriveUserTest" time="1.412"/>
  <testcase classname="com.api.tests.UserTestCases2" name="updateByUsername" time="2.737"/>
  <testcase classname="com.api.tests.UserTestCases2" name="deleteUserTest" time="1.319"/>
  <testcase classname="com.api.tests.DataDrivenTest" name="createUser" time="1.385"/>
  <testcase classname="com.api.tests.DataDrivenTest" name="createUser" time="1.333"/>
  <testcase classname="com.api.tests.DataDrivenTest" name="createUser" time="1.324"/>
  <testcase classname="com.api.tests.DataDrivenTest" name="deleteUser" time="1.304"/>
  <testcase classname="com.api.tests.DataDrivenTest" name="deleteUser" time="1.362"/>
  <testcase classname="com.api.tests.DataDrivenTest" name="deleteUser" time="1.344"/>
</testsuite> <!-- Test -->
