<?xml version="1.0" encoding="UTF-8"?>
<testng-results ignored="0" total="10" passed="10" failed="0" skipped="0">
  <reporter-output>
  </reporter-output>
  <suite started-at="2026-09-10T09:27:45 IST" name="Suite" finished-at="2026-09-10T09:28:08 IST" duration-ms="22849">
    <groups>
    </groups>
    <test started-at="2026-09-10T09:27:45 IST" name="Test" finished-at="2026-09-10T09:28:08 IST" duration-ms="22849">
      <class name="com.api.tests.DataDrivenTest">
        <test-method signature="createUser(java.lang.String,java.lang.String,java.lang.String,java.lang.String,java.lang.String,java.lang.String,java.lang.String)[pri:1, instance:com.api.tests.DataDrivenTest@72efb5c1]" started-at="2026-09-10T09:28:00 IST" name="createUser" data-provider="Data" finished-at="2026-09-10T09:28:01 IST" duration-ms="1385" status="PASS">
          <params>
            <param index="0">
              <value>
                <![CDATA[1010]]>
              </value>
            </param>
            <param index="1">
              <value>
                <![CDATA[testuser1]]>
              </value>
            </param>
            <param index="2">
              <value>
                <![CDATA[Jon]]>
              </value>
            </param>
            <param index="3">
              <value>
                <![CDATA[Kom]]>
              </value>
            </param>
            <param index="4">
              <value>
                <![CDATA[a@gmail.com]]>
              </value>
            </param>
            <param index="5">
              <value>
                <![CDATA[test@1]]>
              </value>
            </param>
            <param index="6">
              <value>
                <![CDATA[1234567895]]>
              </value>
            </param>
          </params>
          <reporter-output>
          </reporter-output>
        </test-method> <!-- createUser -->
        <test-method signature="createUser(java.lang.String,java.lang.String,java.lang.String,java.lang.String,java.lang.String,java.lang.String,java.lang.String)[pri:1, instance:com.api.tests.DataDrivenTest@72efb5c1]" started-at="2026-09-10T09:28:01 IST" name="createUser" data-provider="Data" finished-at="2026-09-10T09:28:03 IST" duration-ms="1333" status="PASS">
          <params>
            <param index="0">
              <value>
                <![CDATA[1020]]>
              </value>
            </param>
            <param index="1">
              <value>
                <![CDATA[testuser2]]>
              </value>
            </param>
            <param index="2">
              <value>
                <![CDATA[Kin]]>
              </value>
            </param>
            <param index="3">
              <value>
                <![CDATA[Jong]]>
              </value>
            </param>
            <param index="4">
              <value>
                <![CDATA[b@gmail.com]]>
              </value>
            </param>
            <param index="5">
              <value>
                <![CDATA[test@2]]>
              </value>
            </param>
            <param index="6">
              <value>
                <![CDATA[1234567895]]>
              </value>
            </param>
          </params>
          <reporter-output>
          </reporter-output>
        </test-method> <!-- createUser -->
        <test-method signature="createUser(java.lang.String,java.lang.String,java.lang.String,java.lang.String,java.lang.String,java.lang.String,java.lang.String)[pri:1, instance:com.api.tests.DataDrivenTest@72efb5c1]" started-at="2026-09-10T09:28:03 IST" name="createUser" data-provider="Data" finished-at="2026-09-10T09:28:04 IST" duration-ms="1324" status="PASS">
          <params>
            <param index="0">
              <value>
                <![CDATA[1030]]>
              </value>
            </param>
            <param index="1">
              <value>
                <![CDATA[testuser3]]>
              </value>
            </param>
            <param index="2">
              <value>
                <![CDATA[Smith]]>
              </value>
            </param>
            <param index="3">
              <value>
                <![CDATA[Daren]]>
              </value>
            </param>
            <param index="4">
              <value>
                <![CDATA[c@gmail.com]]>
              </value>
            </param>
            <param index="5">
              <value>
                <![CDATA[test@3]]>
              </value>
            </param>
            <param index="6">
              <value>
                <![CDATA[1234567895]]>
              </value>
            </param>
          </params>
          <reporter-output>
          </reporter-output>
        </test-method> <!-- createUser -->
        <test-method signature="deleteUser(java.lang.String)[pri:2, instance:com.api.tests.DataDrivenTest@72efb5c1]" started-at="2026-09-10T09:28:04 IST" name="deleteUser" data-provider="UserNames" finished-at="2026-09-10T09:28:05 IST" duration-ms="1304" status="PASS">
          <params>
            <param index="0">
              <value>
                <![CDATA[testuser1]]>
              </value>
            </param>
          </params>
          <reporter-output>
          </reporter-output>
        </test-method> <!-- deleteUser -->
        <test-method signature="deleteUser(java.lang.String)[pri:2, instance:com.api.tests.DataDrivenTest@72efb5c1]" started-at="2026-09-10T09:28:05 IST" name="deleteUser" data-provider="UserNames" finished-at="2026-09-10T09:28:07 IST" duration-ms="1362" status="PASS">
          <params>
            <param index="0">
              <value>
                <![CDATA[testuser2]]>
              </value>
            </param>
          </params>
          <reporter-output>
          </reporter-output>
        </test-method> <!-- deleteUser -->
        <test-method signature="deleteUser(java.lang.String)[pri:2, instance:com.api.tests.DataDrivenTest@72efb5c1]" started-at="2026-09-10T09:28:07 IST" name="deleteUser" data-provider="UserNames" finished-at="2026-09-10T09:28:08 IST" duration-ms="1344" status="PASS">
          <params>
            <param index="0">
              <value>
                <![CDATA[testuser3]]>
              </value>
            </param>
          </params>
          <reporter-output>
          </reporter-output>
        </test-method> <!-- deleteUser -->
      </class> <!-- com.api.tests.DataDrivenTest -->
      <class name="com.api.tests.UserTestCases2">
        <test-method is-config="true" signature="setUp()[pri:0, instance:com.api.tests.UserTestCases2@2b5cb9b2]" started-at="2026-09-10T09:27:46 IST" name="setUp" finished-at="2026-09-10T09:27:46 IST" duration-ms="499" status="PASS">
          <reporter-output>
          </reporter-output>
        </test-method> <!-- setUp -->
        <test-method signature="createUserTest()[pri:1, instance:com.api.tests.UserTestCases2@2b5cb9b2]" started-at="2026-09-10T09:27:46 IST" name="createUserTest" finished-at="2026-09-10T09:27:52 IST" duration-ms="5456" status="PASS">
          <reporter-output>
          </reporter-output>
        </test-method> <!-- createUserTest -->
        <test-method signature="retriveUserTest()[pri:2, instance:com.api.tests.UserTestCases2@2b5cb9b2]" started-at="2026-09-10T09:27:52 IST" name="retriveUserTest" finished-at="2026-09-10T09:27:53 IST" duration-ms="1412" status="PASS">
          <reporter-output>
          </reporter-output>
        </test-method> <!-- retriveUserTest -->
        <test-method signature="updateByUsername()[pri:3, instance:com.api.tests.UserTestCases2@2b5cb9b2]" started-at="2026-09-10T09:27:53 IST" name="updateByUsername" finished-at="2026-09-10T09:27:56 IST" duration-ms="2737" status="PASS">
          <reporter-output>
          </reporter-output>
        </test-method> <!-- updateByUsername -->
        <test-method signature="deleteUserTest()[pri:4, instance:com.api.tests.UserTestCases2@2b5cb9b2]" started-at="2026-09-10T09:27:56 IST" name="deleteUserTest" finished-at="2026-09-10T09:27:57 IST" duration-ms="1319" status="PASS">
          <reporter-output>
          </reporter-output>
        </test-method> <!-- deleteUserTest -->
      </class> <!-- com.api.tests.UserTestCases2 -->
    </test> <!-- Test -->
  </suite> <!-- Suite -->
</testng-results>
