<?xml version="1.0" encoding="UTF-8"?>
<!-- Generated by org.testng.reporters.JUnitReportReporter -->
<testsuite hostname="DESKTOP-8B3DF1Q" failures="0" tests="4" name="com.api.tests.UserTestCases2" time="10.924" errors="0" timestamp="2026-09-10T09:28:09 IST" skipped="0">
  <testcase classname="com.api.tests.UserTestCases2" name="createUserTest" time="5.456"/>
  <testcase classname="com.api.tests.UserTestCases2" name="retriveUserTest" time="1.412"/>
  <testcase classname="com.api.tests.UserTestCases2" name="updateByUsername" time="2.737"/>
  <testcase classname="com.api.tests.UserTestCases2" name="deleteUserTest" time="1.319"/>
</testsuite> <!-- com.api.tests.UserTestCases2 -->
