<?xml version="1.0" encoding="UTF-8"?>
<!-- Generated by org.testng.reporters.JUnitReportReporter -->
<testsuite hostname="DESKTOP-8B3DF1Q" failures="0" tests="6" name="com.api.tests.DataDrivenTest" time="8.052" errors="0" timestamp="2026-09-10T09:28:09 IST" skipped="0">
  <testcase classname="com.api.tests.DataDrivenTest" name="createUser" time="1.324"/>
  <testcase classname="com.api.tests.DataDrivenTest" name="createUser" time="1.385"/>
  <testcase classname="com.api.tests.DataDrivenTest" name="createUser" time="1.333"/>
  <testcase classname="com.api.tests.DataDrivenTest" name="deleteUser" time="1.362"/>
  <testcase classname="com.api.tests.DataDrivenTest" name="deleteUser" time="1.344"/>
  <testcase classname="com.api.tests.DataDrivenTest" name="deleteUser" time="1.304"/>
</testsuite> <!-- com.api.tests.DataDrivenTest -->
