<?xml version="1.0" encoding="UTF-8"?>
<!-- Generated by org.testng.reporters.JUnitReportReporter -->
<testsuite hostname="DESKTOP-8B3DF1Q" failures="0" tests="4" name="com.api.tests.UserTestCases" time="10.540" errors="0" timestamp="2026-09-10T09:13:30 IST" skipped="0">
  <testcase classname="com.api.tests.UserTestCases" name="postUserTest" time="5.096"/>
  <testcase classname="com.api.tests.UserTestCases" name="getUserByName" time="1.398"/>
  <testcase classname="com.api.tests.UserTestCases" name="updateByUsername" time="2.725"/>
  <testcase classname="com.api.tests.UserTestCases" name="deleteUserTest" time="1.321"/>
</testsuite> <!-- com.api.tests.UserTestCases -->
